2021-02-19 14:24:08,727 django.utils.autoreload INFO     Watching for file changes with StatReloader
2021-02-19 14:24:57,098 django.utils.autoreload INFO     C:\Users\Gabriel\Desktop\Cars3\project7\awesome_website\cars\views_api.py changed, reloading.
2021-02-19 14:24:57,113 asyncio      DEBUG    Using selector: SelectSelector
2021-02-19 14:24:59,830 django.utils.autoreload INFO     Watching for file changes with StatReloader
2021-02-19 14:25:18,357 django.utils.autoreload INFO     C:\Users\Gabriel\Desktop\Cars3\project7\awesome_website\cars\views_api.py changed, reloading.
2021-02-19 14:25:18,378 asyncio      DEBUG    Using selector: SelectSelector
2021-02-19 14:25:21,268 django.utils.autoreload INFO     Watching for file changes with StatReloader
2021-02-19 14:26:24,868 django.utils.autoreload INFO     C:\Users\Gabriel\Desktop\Cars3\project7\awesome_website\cars\views_api.py changed, reloading.
2021-02-19 14:26:24,877 asyncio      DEBUG    Using selector: SelectSelector
2021-02-19 14:26:28,023 django.utils.autoreload INFO     Watching for file changes with StatReloader
2021-02-19 14:27:15,222 django.utils.autoreload INFO     C:\Users\Gabriel\Desktop\Cars3\project7\awesome_website\cars\views_api.py changed, reloading.
2021-02-19 14:27:15,225 asyncio      DEBUG    Using selector: SelectSelector
2021-02-19 14:27:17,946 django.utils.autoreload INFO     Watching for file changes with StatReloader
2021-02-19 14:28:31,584 asyncio      DEBUG    Using selector: SelectSelector
2021-02-19 14:28:33,354 cars.facades.db_facades INFO     add_new_car / {'cls': <class 'cars.facades.db_facades.CarFacade'>, 'user_id': 1, 'brand': 'opel', 'model': 'mokka', 'year': 2018, 'vin': None}
2021-02-19 14:28:33,361 cars.facades.db_facades INFO     check_car_user / {'cls': <class 'cars.facades.db_facades.CarFacade'>, 'car_id': 2, 'user_id': 1}
2021-02-19 14:28:33,365 cars.facades.db_facades INFO     check_car_user / {'cls': <class 'cars.facades.db_facades.CarFacade'>, 'car_id': 7, 'user_id': 2}
2021-02-19 14:28:33,395 cars.facades.db_facades INFO     delete_car_by_id / {'cls': <class 'cars.facades.db_facades.CarFacade'>, 'car_id': 16}
2021-02-19 14:28:33,402 cars.facades.db_facades INFO     delete_car_by_id / {'cls': <class 'cars.facades.db_facades.CarFacade'>, 'car_id': 999}
2021-02-19 14:28:33,404 cars.facades.db_facades WARNING  Car matching query does not exist.
2021-02-19 14:28:33,409 cars.facades.db_facades INFO     edit_car / {'cls': <class 'cars.facades.db_facades.CarFacade'>, 'car_id': 21, 'car_brand': 'kiszka', 'car_model': 'piszka', 'car_year': 200, 'car_vin': None}
2021-02-19 14:28:33,420 cars.facades.db_facades INFO     edit_car / {'cls': <class 'cars.facades.db_facades.CarFacade'>, 'car_id': 27, 'car_brand': 'b', 'car_model': 'm', 'car_year': 2000, 'car_vin': None}
2021-02-19 14:28:33,429 cars.facades.db_facades INFO     get_cars_by_user_id / {'cls': <class 'cars.facades.db_facades.CarFacade'>, 'user_id': 1}
2021-02-19 14:28:33,432 cars.facades.db_facades INFO     get_car_by_id / {'cls': <class 'cars.facades.db_facades.CarFacade'>, 'car_id': 27}
2021-02-19 14:28:33,436 cars.facades.db_facades INFO     get_car_by_id / {'cls': <class 'cars.facades.db_facades.CarFacade'>, 'car_id': 999}
2021-02-19 14:28:33,438 cars.facades.db_facades WARNING  Car matching query does not exist.
2021-02-19 14:28:33,446 cars.facades.db_facades INFO     get_cars_by_user_id / {'cls': <class 'cars.facades.db_facades.CarFacade'>, 'user_id': 1}
2021-02-19 14:28:33,815 cars.views   INFO     gabriel  <WSGIRequest: GET '/cars/add_car'>
2021-02-19 14:28:34,156 cars.views   INFO     gabriel  <WSGIRequest: POST '/cars/add_car'>
2021-02-19 14:28:34,157 cars.facades.db_facades INFO     add_new_car / {'cls': <class 'cars.facades.db_facades.CarFacade'>, 'user_id': 2, 'brand': 'Fiat_test_add_car_post', 'model': 'Panda', 'year': '2004', 'vin': None}
2021-02-19 14:28:34,350 cars.views   INFO     gabriel  <WSGIRequest: POST '/cars/add_car'>
2021-02-19 14:28:34,351 cars.facades.db_facades INFO     add_new_car / {'cls': <class 'cars.facades.db_facades.CarFacade'>, 'user_id': 3, 'brand': 'Fiat_1', 'model': 'Panda_1', 'year': '2001', 'vin': None}
2021-02-19 14:28:34,358 cars.views   INFO     gabriel  <WSGIRequest: POST '/cars/add_car'>
2021-02-19 14:28:34,359 cars.facades.db_facades INFO     add_new_car / {'cls': <class 'cars.facades.db_facades.CarFacade'>, 'user_id': 3, 'brand': 'Fiat_2', 'model': 'Panda_2', 'year': '2002', 'vin': None}
2021-02-19 14:28:34,365 cars.views   INFO     gabriel  <WSGIRequest: POST '/cars/add_car'>
2021-02-19 14:28:34,366 cars.facades.db_facades INFO     add_new_car / {'cls': <class 'cars.facades.db_facades.CarFacade'>, 'user_id': 3, 'brand': 'Fiat_3', 'model': 'Panda_3', 'year': '2003', 'vin': None}
2021-02-19 14:28:34,374 cars.views   INFO     gabriel  <WSGIRequest: POST '/cars/add_car'>
2021-02-19 14:28:34,376 cars.facades.db_facades INFO     add_new_car / {'cls': <class 'cars.facades.db_facades.CarFacade'>, 'user_id': 3, 'brand': 'Fiat_4', 'model': 'Panda_4', 'year': '2004', 'vin': None}
2021-02-19 14:28:34,383 cars.views   INFO     gabriel  <WSGIRequest: GET '/cars/delete_car/38'>
2021-02-19 14:28:34,383 cars.facades.db_facades INFO     delete_car_by_id / {'cls': <class 'cars.facades.db_facades.CarFacade'>, 'car_id': 38}
2021-02-19 14:28:34,544 cars.views   INFO     gabriel  <WSGIRequest: POST '/cars/add_car'>
2021-02-19 14:28:34,545 cars.facades.db_facades INFO     add_new_car / {'cls': <class 'cars.facades.db_facades.CarFacade'>, 'user_id': 4, 'brand': 'Fiat_1', 'model': 'Panda_1', 'year': '2001', 'vin': None}
2021-02-19 14:28:34,551 cars.views   INFO     gabriel  <WSGIRequest: POST '/cars/add_car'>
2021-02-19 14:28:34,552 cars.facades.db_facades INFO     add_new_car / {'cls': <class 'cars.facades.db_facades.CarFacade'>, 'user_id': 4, 'brand': 'Fiat_2', 'model': 'Panda_2', 'year': '2002', 'vin': None}
2021-02-19 14:28:34,558 cars.views   INFO     gabriel  <WSGIRequest: POST '/cars/add_car'>
2021-02-19 14:28:34,559 cars.facades.db_facades INFO     add_new_car / {'cls': <class 'cars.facades.db_facades.CarFacade'>, 'user_id': 4, 'brand': 'Fiat_3', 'model': 'Panda_3', 'year': '2003', 'vin': None}
2021-02-19 14:28:34,565 cars.views   INFO     gabriel  <WSGIRequest: POST '/cars/add_car'>
2021-02-19 14:28:34,566 cars.facades.db_facades INFO     add_new_car / {'cls': <class 'cars.facades.db_facades.CarFacade'>, 'user_id': 4, 'brand': 'Fiat_4', 'model': 'Panda_4', 'year': '2004', 'vin': None}
2021-02-19 14:28:34,573 cars.views   INFO     gabriel  <WSGIRequest: GET '/cars/edit_car/42'>
2021-02-19 14:28:34,573 cars.facades.db_facades INFO     get_car_by_id / {'cls': <class 'cars.facades.db_facades.CarFacade'>, 'car_id': 42}
2021-02-19 14:28:34,739 cars.views   INFO     gabriel  <WSGIRequest: POST '/cars/add_car'>
2021-02-19 14:28:34,741 cars.facades.db_facades INFO     add_new_car / {'cls': <class 'cars.facades.db_facades.CarFacade'>, 'user_id': 5, 'brand': 'Fiat_1', 'model': 'Panda_1', 'year': '2001', 'vin': None}
2021-02-19 14:28:34,746 cars.views   INFO     gabriel  <WSGIRequest: POST '/cars/add_car'>
2021-02-19 14:28:34,747 cars.facades.db_facades INFO     add_new_car / {'cls': <class 'cars.facades.db_facades.CarFacade'>, 'user_id': 5, 'brand': 'Fiat_2', 'model': 'Panda_2', 'year': '2002', 'vin': None}
2021-02-19 14:28:34,753 cars.views   INFO     gabriel  <WSGIRequest: POST '/cars/add_car'>
2021-02-19 14:28:34,757 cars.facades.db_facades INFO     add_new_car / {'cls': <class 'cars.facades.db_facades.CarFacade'>, 'user_id': 5, 'brand': 'Fiat_3', 'model': 'Panda_3', 'year': '2003', 'vin': None}
2021-02-19 14:28:34,763 cars.views   INFO     gabriel  <WSGIRequest: POST '/cars/add_car'>
2021-02-19 14:28:34,764 cars.facades.db_facades INFO     add_new_car / {'cls': <class 'cars.facades.db_facades.CarFacade'>, 'user_id': 5, 'brand': 'Fiat_4', 'model': 'Panda_4', 'year': '2004', 'vin': None}
2021-02-19 14:28:34,772 cars.views   INFO     gabriel  <WSGIRequest: POST '/cars/edit_car/46'>
2021-02-19 14:28:34,773 cars.facades.db_facades INFO     edit_car / {'cls': <class 'cars.facades.db_facades.CarFacade'>, 'car_id': 46, 'car_brand': 'Fiat_111', 'car_model': 'Panda_111', 'car_year': '2111', 'car_vin': None}
2021-02-19 14:28:34,937 cars.views   INFO     gabriel  <WSGIRequest: POST '/cars/add_car'>
2021-02-19 14:28:34,939 cars.facades.db_facades INFO     add_new_car / {'cls': <class 'cars.facades.db_facades.CarFacade'>, 'user_id': 6, 'brand': 'Fiat_1', 'model': 'Panda_1', 'year': '2001', 'vin': None}
2021-02-19 14:28:34,944 cars.views   INFO     gabriel  <WSGIRequest: POST '/cars/add_car'>
2021-02-19 14:28:34,945 cars.facades.db_facades INFO     add_new_car / {'cls': <class 'cars.facades.db_facades.CarFacade'>, 'user_id': 6, 'brand': 'Fiat_2', 'model': 'Panda_2', 'year': '2002', 'vin': None}
2021-02-19 14:28:34,949 cars.views   INFO     gabriel  <WSGIRequest: POST '/cars/add_car'>
2021-02-19 14:28:34,950 cars.facades.db_facades INFO     add_new_car / {'cls': <class 'cars.facades.db_facades.CarFacade'>, 'user_id': 6, 'brand': 'Fiat_3', 'model': 'Panda_3', 'year': '2003', 'vin': None}
2021-02-19 14:28:34,955 cars.views   INFO     gabriel  <WSGIRequest: POST '/cars/add_car'>
2021-02-19 14:28:34,956 cars.facades.db_facades INFO     add_new_car / {'cls': <class 'cars.facades.db_facades.CarFacade'>, 'user_id': 6, 'brand': 'Fiat_4', 'model': 'Panda_4', 'year': '2004', 'vin': None}
2021-02-19 14:28:34,963 cars.views   INFO     gabriel  <WSGIRequest: GET '/cars/get_user_cars'>
2021-02-19 14:28:34,963 cars.facades.db_facades INFO     get_cars_by_user_id / {'cls': <class 'cars.facades.db_facades.CarFacade'>, 'user_id': 6}
2021-02-19 14:28:35,275 cars.views   INFO     gabriel  <WSGIRequest: POST '/cars/add_car'>
2021-02-19 14:28:35,276 cars.facades.db_facades INFO     add_new_car / {'cls': <class 'cars.facades.db_facades.CarFacade'>, 'user_id': 7, 'brand': 'Fiat_1', 'model': 'Panda_1', 'year': '2001', 'vin': None}
2021-02-19 14:28:35,282 cars.views   INFO     gabriel  <WSGIRequest: POST '/cars/add_car'>
2021-02-19 14:28:35,283 cars.facades.db_facades INFO     add_new_car / {'cls': <class 'cars.facades.db_facades.CarFacade'>, 'user_id': 7, 'brand': 'Fiat_2', 'model': 'Panda_2', 'year': '2002', 'vin': None}
2021-02-19 14:28:35,288 cars.views   INFO     gabriel  <WSGIRequest: POST '/cars/add_car'>
2021-02-19 14:28:35,288 cars.facades.db_facades INFO     add_new_car / {'cls': <class 'cars.facades.db_facades.CarFacade'>, 'user_id': 7, 'brand': 'Fiat_3', 'model': 'Panda_3', 'year': '2003', 'vin': None}
2021-02-19 14:28:35,293 cars.views   INFO     gabriel  <WSGIRequest: POST '/cars/add_car'>
2021-02-19 14:28:35,297 cars.facades.db_facades INFO     add_new_car / {'cls': <class 'cars.facades.db_facades.CarFacade'>, 'user_id': 7, 'brand': 'Fiat_4', 'model': 'Panda_4', 'year': '2004', 'vin': None}
2021-02-19 14:28:35,484 cars.views_api INFO     gabriel  <rest_framework.request.Request: POST '/cars/add_car_api'>
2021-02-19 14:28:35,485 cars.facades.db_facades INFO     add_new_car / {'cls': <class 'cars.facades.db_facades.CarFacade'>, 'user_id': 7, 'brand': 'bbbb', 'model': 'mmmm', 'year': None, 'vin': None}
2021-02-19 14:28:35,642 cars.views   INFO     gabriel  <WSGIRequest: POST '/cars/add_car'>
2021-02-19 14:28:35,643 cars.facades.db_facades INFO     add_new_car / {'cls': <class 'cars.facades.db_facades.CarFacade'>, 'user_id': 8, 'brand': 'Fiat_1', 'model': 'Panda_1', 'year': '2001', 'vin': None}
2021-02-19 14:28:35,649 cars.views   INFO     gabriel  <WSGIRequest: POST '/cars/add_car'>
2021-02-19 14:28:35,649 cars.facades.db_facades INFO     add_new_car / {'cls': <class 'cars.facades.db_facades.CarFacade'>, 'user_id': 8, 'brand': 'Fiat_2', 'model': 'Panda_2', 'year': '2002', 'vin': None}
2021-02-19 14:28:35,654 cars.views   INFO     gabriel  <WSGIRequest: POST '/cars/add_car'>
2021-02-19 14:28:35,654 cars.facades.db_facades INFO     add_new_car / {'cls': <class 'cars.facades.db_facades.CarFacade'>, 'user_id': 8, 'brand': 'Fiat_3', 'model': 'Panda_3', 'year': '2003', 'vin': None}
2021-02-19 14:28:35,660 cars.views   INFO     gabriel  <WSGIRequest: POST '/cars/add_car'>
2021-02-19 14:28:35,661 cars.facades.db_facades INFO     add_new_car / {'cls': <class 'cars.facades.db_facades.CarFacade'>, 'user_id': 8, 'brand': 'Fiat_4', 'model': 'Panda_4', 'year': '2004', 'vin': None}
2021-02-19 14:28:35,820 cars.views_api INFO     gabriel  <rest_framework.request.Request: DELETE '/cars/delete_car_api/62'>
2021-02-19 14:28:35,820 cars.facades.db_facades INFO     check_car_user / {'cls': <class 'cars.facades.db_facades.CarFacade'>, 'car_id': 62, 'user_id': 8}
2021-02-19 14:28:35,824 cars.facades.db_facades INFO     delete_car_by_id / {'cls': <class 'cars.facades.db_facades.CarFacade'>, 'car_id': 62}
2021-02-19 14:28:35,979 cars.views   INFO     gabriel  <WSGIRequest: POST '/cars/add_car'>
2021-02-19 14:28:35,980 cars.facades.db_facades INFO     add_new_car / {'cls': <class 'cars.facades.db_facades.CarFacade'>, 'user_id': 9, 'brand': 'Fiat_1', 'model': 'Panda_1', 'year': '2001', 'vin': None}
2021-02-19 14:28:35,986 cars.views   INFO     gabriel  <WSGIRequest: POST '/cars/add_car'>
2021-02-19 14:28:35,987 cars.facades.db_facades INFO     add_new_car / {'cls': <class 'cars.facades.db_facades.CarFacade'>, 'user_id': 9, 'brand': 'Fiat_2', 'model': 'Panda_2', 'year': '2002', 'vin': None}
2021-02-19 14:28:35,992 cars.views   INFO     gabriel  <WSGIRequest: POST '/cars/add_car'>
2021-02-19 14:28:35,993 cars.facades.db_facades INFO     add_new_car / {'cls': <class 'cars.facades.db_facades.CarFacade'>, 'user_id': 9, 'brand': 'Fiat_3', 'model': 'Panda_3', 'year': '2003', 'vin': None}
2021-02-19 14:28:35,999 cars.views   INFO     gabriel  <WSGIRequest: POST '/cars/add_car'>
2021-02-19 14:28:35,999 cars.facades.db_facades INFO     add_new_car / {'cls': <class 'cars.facades.db_facades.CarFacade'>, 'user_id': 9, 'brand': 'Fiat_4', 'model': 'Panda_4', 'year': '2004', 'vin': None}
2021-02-19 14:28:36,166 cars.views_api INFO     gabriel  <rest_framework.request.Request: DELETE '/cars/delete_car_api/166'>
2021-02-19 14:28:36,167 cars.facades.db_facades INFO     check_car_user / {'cls': <class 'cars.facades.db_facades.CarFacade'>, 'car_id': 166, 'user_id': 9}
2021-02-19 14:28:36,170 django.request WARNING  Not Found: /cars/delete_car_api/166
2021-02-19 14:28:36,329 cars.views   INFO     gabriel  <WSGIRequest: POST '/cars/add_car'>
2021-02-19 14:28:36,330 cars.facades.db_facades INFO     add_new_car / {'cls': <class 'cars.facades.db_facades.CarFacade'>, 'user_id': 10, 'brand': 'Fiat_1', 'model': 'Panda_1', 'year': '2001', 'vin': None}
2021-02-19 14:28:36,336 cars.views   INFO     gabriel  <WSGIRequest: POST '/cars/add_car'>
2021-02-19 14:28:36,337 cars.facades.db_facades INFO     add_new_car / {'cls': <class 'cars.facades.db_facades.CarFacade'>, 'user_id': 10, 'brand': 'Fiat_2', 'model': 'Panda_2', 'year': '2002', 'vin': None}
2021-02-19 14:28:36,342 cars.views   INFO     gabriel  <WSGIRequest: POST '/cars/add_car'>
2021-02-19 14:28:36,343 cars.facades.db_facades INFO     add_new_car / {'cls': <class 'cars.facades.db_facades.CarFacade'>, 'user_id': 10, 'brand': 'Fiat_3', 'model': 'Panda_3', 'year': '2003', 'vin': None}
2021-02-19 14:28:36,347 cars.views   INFO     gabriel  <WSGIRequest: POST '/cars/add_car'>
2021-02-19 14:28:36,348 cars.facades.db_facades INFO     add_new_car / {'cls': <class 'cars.facades.db_facades.CarFacade'>, 'user_id': 10, 'brand': 'Fiat_4', 'model': 'Panda_4', 'year': '2004', 'vin': None}
2021-02-19 14:28:36,512 cars.views_api INFO     gabriel  <rest_framework.request.Request: POST '/cars/edit_car_api'>
2021-02-19 14:28:36,513 cars.facades.db_facades INFO     check_car_user / {'cls': <class 'cars.facades.db_facades.CarFacade'>, 'car_id': 67, 'user_id': 10}
2021-02-19 14:28:36,516 cars.facades.db_facades INFO     edit_car / {'cls': <class 'cars.facades.db_facades.CarFacade'>, 'car_id': 67, 'car_brand': 'new brand', 'car_model': 'new model', 'car_year': None, 'car_vin': None}
2021-02-19 14:28:36,672 cars.views   INFO     gabriel  <WSGIRequest: POST '/cars/add_car'>
2021-02-19 14:28:36,674 cars.facades.db_facades INFO     add_new_car / {'cls': <class 'cars.facades.db_facades.CarFacade'>, 'user_id': 11, 'brand': 'Fiat_1', 'model': 'Panda_1', 'year': '2001', 'vin': None}
2021-02-19 14:28:36,679 cars.views   INFO     gabriel  <WSGIRequest: POST '/cars/add_car'>
2021-02-19 14:28:36,679 cars.facades.db_facades INFO     add_new_car / {'cls': <class 'cars.facades.db_facades.CarFacade'>, 'user_id': 11, 'brand': 'Fiat_2', 'model': 'Panda_2', 'year': '2002', 'vin': None}
2021-02-19 14:28:36,684 cars.views   INFO     gabriel  <WSGIRequest: POST '/cars/add_car'>
2021-02-19 14:28:36,685 cars.facades.db_facades INFO     add_new_car / {'cls': <class 'cars.facades.db_facades.CarFacade'>, 'user_id': 11, 'brand': 'Fiat_3', 'model': 'Panda_3', 'year': '2003', 'vin': None}
2021-02-19 14:28:36,692 cars.views   INFO     gabriel  <WSGIRequest: POST '/cars/add_car'>
2021-02-19 14:28:36,693 cars.facades.db_facades INFO     add_new_car / {'cls': <class 'cars.facades.db_facades.CarFacade'>, 'user_id': 11, 'brand': 'Fiat_4', 'model': 'Panda_4', 'year': '2004', 'vin': None}
2021-02-19 14:28:36,851 cars.views_api INFO     gabriel  <rest_framework.request.Request: POST '/cars/edit_car_api'>
2021-02-19 14:28:36,853 cars.facades.db_facades INFO     check_car_user / {'cls': <class 'cars.facades.db_facades.CarFacade'>, 'car_id': 174, 'user_id': 11}
2021-02-19 14:28:36,855 django.request WARNING  Bad Request: /cars/edit_car_api
2021-02-19 14:28:37,006 cars.views   INFO     gabriel  <WSGIRequest: POST '/cars/add_car'>
2021-02-19 14:28:37,008 cars.facades.db_facades INFO     add_new_car / {'cls': <class 'cars.facades.db_facades.CarFacade'>, 'user_id': 12, 'brand': 'Fiat_1', 'model': 'Panda_1', 'year': '2001', 'vin': None}
2021-02-19 14:28:37,013 cars.views   INFO     gabriel  <WSGIRequest: POST '/cars/add_car'>
2021-02-19 14:28:37,014 cars.facades.db_facades INFO     add_new_car / {'cls': <class 'cars.facades.db_facades.CarFacade'>, 'user_id': 12, 'brand': 'Fiat_2', 'model': 'Panda_2', 'year': '2002', 'vin': None}
2021-02-19 14:28:37,018 cars.views   INFO     gabriel  <WSGIRequest: POST '/cars/add_car'>
2021-02-19 14:28:37,020 cars.facades.db_facades INFO     add_new_car / {'cls': <class 'cars.facades.db_facades.CarFacade'>, 'user_id': 12, 'brand': 'Fiat_3', 'model': 'Panda_3', 'year': '2003', 'vin': None}
2021-02-19 14:28:37,043 cars.views   INFO     gabriel  <WSGIRequest: POST '/cars/add_car'>
2021-02-19 14:28:37,044 cars.facades.db_facades INFO     add_new_car / {'cls': <class 'cars.facades.db_facades.CarFacade'>, 'user_id': 12, 'brand': 'Fiat_4', 'model': 'Panda_4', 'year': '2004', 'vin': None}
2021-02-19 14:28:37,210 cars.views_api INFO     gabriel  <rest_framework.request.Request: GET '/cars/get_user_cars_api'>
2021-02-19 14:28:37,211 cars.facades.db_facades INFO     get_cars_by_user_id / {'cls': <class 'cars.facades.db_facades.CarFacade'>, 'user_id': 12}
2021-02-19 14:28:37,329 cars.facades.db_facades INFO     add_new_service / {'cls': <class 'cars.facades.db_facades.ServiceFacade'>, 'car_id': 79, 'place': 'place value', 'repair': 'repair value', 'cost': 12.5, 'date': '2020-06-23'}
2021-02-19 14:28:37,345 cars.facades.db_facades INFO     add_new_service / {'cls': <class 'cars.facades.db_facades.ServiceFacade'>, 'car_id': 84, 'place': 'place value', 'repair': 'repair value', 'cost': None, 'date': None}
2021-02-19 14:28:37,374 cars.facades.db_facades INFO     check_service_user / {'cls': <class 'cars.facades.db_facades.ServiceFacade'>, 'service_id': 3, 'user_id': 1}
2021-02-19 14:28:37,409 cars.facades.db_facades INFO     check_service_user / {'cls': <class 'cars.facades.db_facades.ServiceFacade'>, 'service_id': 15, 'user_id': 2}
2021-02-19 14:28:37,441 cars.facades.db_facades INFO     delete_service_by_id / {'cls': <class 'cars.facades.db_facades.ServiceFacade'>, 'service_id': 36}
2021-02-19 14:28:37,467 cars.facades.db_facades INFO     delete_service_by_id / {'cls': <class 'cars.facades.db_facades.ServiceFacade'>, 'service_id': 51}
2021-02-19 14:28:37,470 cars.facades.db_facades WARNING  Service matching query does not exist.
2021-02-19 14:28:37,506 cars.facades.db_facades INFO     edit_service / {'cls': <class 'cars.facades.db_facades.ServiceFacade'>, 'service_id': 60, 'service_place': 'new place', 'service_repair': 'new repair', 'service_cost': 555.55, 'service_date': '2022-12-15', 'car_id': 112}
2021-02-19 14:28:37,509 cars.facades.db_facades INFO     get_car_by_id / {'cls': <class 'cars.facades.db_facades.CarFacade'>, 'car_id': 112}
2021-02-19 14:28:37,546 cars.facades.db_facades INFO     get_car_services / {'cls': <class 'cars.facades.db_facades.ServiceFacade'>, 'car_id': 114}
2021-02-19 14:28:37,582 cars.facades.db_facades INFO     get_car_services / {'cls': <class 'cars.facades.db_facades.ServiceFacade'>, 'car_id': 124}
2021-02-19 14:28:37,615 cars.facades.db_facades INFO     get_car_services / {'cls': <class 'cars.facades.db_facades.ServiceFacade'>, 'car_id': 128}
2021-02-19 14:28:37,630 cars.facades.db_facades INFO     add_new_service / {'cls': <class 'cars.facades.db_facades.ServiceFacade'>, 'car_id': 129, 'place': 'place value', 'repair': 'repair value', 'cost': 12.5, 'date': '2020-06-23'}
2021-02-19 14:28:37,631 cars.facades.db_facades INFO     get_service_by_id / {'cls': <class 'cars.facades.db_facades.ServiceFacade'>, 'service_id': 99}
2021-02-19 14:28:37,645 cars.facades.db_facades INFO     add_new_service / {'cls': <class 'cars.facades.db_facades.ServiceFacade'>, 'car_id': 134, 'place': 'place value', 'repair': 'repair value', 'cost': 12.5, 'date': '2020-06-23'}
2021-02-19 14:28:37,647 cars.facades.db_facades INFO     get_service_by_id / {'cls': <class 'cars.facades.db_facades.ServiceFacade'>, 'service_id': 101}
2021-02-19 14:28:37,649 cars.facades.db_facades WARNING  Service matching query does not exist.
2021-02-19 14:28:37,931 cars.views   INFO     gabriel  <WSGIRequest: POST '/cars/add_car'>
2021-02-19 14:28:37,932 cars.facades.db_facades INFO     add_new_car / {'cls': <class 'cars.facades.db_facades.CarFacade'>, 'user_id': 13, 'brand': 'Fiat_1', 'model': 'Panda_1', 'year': '2001', 'vin': None}
2021-02-19 14:28:37,940 cars.views   INFO     gabriel  <WSGIRequest: POST '/cars/add_car'>
2021-02-19 14:28:37,941 cars.facades.db_facades INFO     add_new_car / {'cls': <class 'cars.facades.db_facades.CarFacade'>, 'user_id': 13, 'brand': 'Fiat_2', 'model': 'Panda_2', 'year': '2002', 'vin': None}
2021-02-19 14:28:37,946 cars.views   INFO     gabriel  <WSGIRequest: POST '/cars/add_car'>
2021-02-19 14:28:37,946 cars.facades.db_facades INFO     add_new_car / {'cls': <class 'cars.facades.db_facades.CarFacade'>, 'user_id': 13, 'brand': 'Fiat_3', 'model': 'Panda_3', 'year': '2003', 'vin': None}
2021-02-19 14:28:37,952 cars.views   INFO     gabriel  <WSGIRequest: POST '/cars/add_car'>
2021-02-19 14:28:37,953 cars.facades.db_facades INFO     add_new_car / {'cls': <class 'cars.facades.db_facades.CarFacade'>, 'user_id': 13, 'brand': 'Fiat_4', 'model': 'Panda_4', 'year': '2004', 'vin': None}
2021-02-19 14:28:37,960 cars.views   INFO     gabriel  <WSGIRequest: GET '/cars/add_service/139'>
2021-02-19 14:28:38,120 cars.views   INFO     gabriel  <WSGIRequest: POST '/cars/add_car'>
2021-02-19 14:28:38,121 cars.facades.db_facades INFO     add_new_car / {'cls': <class 'cars.facades.db_facades.CarFacade'>, 'user_id': 14, 'brand': 'Fiat_1', 'model': 'Panda_1', 'year': '2001', 'vin': None}
2021-02-19 14:28:38,127 cars.views   INFO     gabriel  <WSGIRequest: POST '/cars/add_car'>
2021-02-19 14:28:38,127 cars.facades.db_facades INFO     add_new_car / {'cls': <class 'cars.facades.db_facades.CarFacade'>, 'user_id': 14, 'brand': 'Fiat_2', 'model': 'Panda_2', 'year': '2002', 'vin': None}
2021-02-19 14:28:38,132 cars.views   INFO     gabriel  <WSGIRequest: POST '/cars/add_car'>
2021-02-19 14:28:38,134 cars.facades.db_facades INFO     add_new_car / {'cls': <class 'cars.facades.db_facades.CarFacade'>, 'user_id': 14, 'brand': 'Fiat_3', 'model': 'Panda_3', 'year': '2003', 'vin': None}
2021-02-19 14:28:38,139 cars.views   INFO     gabriel  <WSGIRequest: POST '/cars/add_car'>
2021-02-19 14:28:38,139 cars.facades.db_facades INFO     add_new_car / {'cls': <class 'cars.facades.db_facades.CarFacade'>, 'user_id': 14, 'brand': 'Fiat_4', 'model': 'Panda_4', 'year': '2004', 'vin': None}
2021-02-19 14:28:38,147 cars.views   INFO     gabriel  <WSGIRequest: POST '/cars/add_service/143'>
2021-02-19 14:28:38,148 cars.facades.db_facades INFO     add_new_service / {'cls': <class 'cars.facades.db_facades.ServiceFacade'>, 'car_id': 143, 'place': 'place of service', 'repair': 'repair of service', 'cost': '220.50', 'date': '1999-12-20'}
2021-02-19 14:28:38,307 cars.views   INFO     gabriel  <WSGIRequest: POST '/cars/add_car'>
2021-02-19 14:28:38,309 cars.facades.db_facades INFO     add_new_car / {'cls': <class 'cars.facades.db_facades.CarFacade'>, 'user_id': 15, 'brand': 'Fiat_1', 'model': 'Panda_1', 'year': '2001', 'vin': None}
2021-02-19 14:28:38,314 cars.views   INFO     gabriel  <WSGIRequest: POST '/cars/add_car'>
2021-02-19 14:28:38,315 cars.facades.db_facades INFO     add_new_car / {'cls': <class 'cars.facades.db_facades.CarFacade'>, 'user_id': 15, 'brand': 'Fiat_2', 'model': 'Panda_2', 'year': '2002', 'vin': None}
2021-02-19 14:28:38,321 cars.views   INFO     gabriel  <WSGIRequest: POST '/cars/add_car'>
2021-02-19 14:28:38,322 cars.facades.db_facades INFO     add_new_car / {'cls': <class 'cars.facades.db_facades.CarFacade'>, 'user_id': 15, 'brand': 'Fiat_3', 'model': 'Panda_3', 'year': '2003', 'vin': None}
2021-02-19 14:28:38,327 cars.views   INFO     gabriel  <WSGIRequest: POST '/cars/add_car'>
2021-02-19 14:28:38,328 cars.facades.db_facades INFO     add_new_car / {'cls': <class 'cars.facades.db_facades.CarFacade'>, 'user_id': 15, 'brand': 'Fiat_4', 'model': 'Panda_4', 'year': '2004', 'vin': None}
2021-02-19 14:28:38,345 cars.views   INFO     gabriel  <WSGIRequest: GET '/cars/delete_service/102'>
2021-02-19 14:28:38,346 cars.facades.db_facades INFO     get_service_by_id / {'cls': <class 'cars.facades.db_facades.ServiceFacade'>, 'service_id': 102}
2021-02-19 14:28:38,347 cars.facades.db_facades INFO     delete_service_by_id / {'cls': <class 'cars.facades.db_facades.ServiceFacade'>, 'service_id': 102}
2021-02-19 14:28:38,529 cars.views   INFO     gabriel  <WSGIRequest: POST '/cars/add_car'>
2021-02-19 14:28:38,530 cars.facades.db_facades INFO     add_new_car / {'cls': <class 'cars.facades.db_facades.CarFacade'>, 'user_id': 16, 'brand': 'Fiat_1', 'model': 'Panda_1', 'year': '2001', 'vin': None}
2021-02-19 14:28:38,537 cars.views   INFO     gabriel  <WSGIRequest: POST '/cars/add_car'>
2021-02-19 14:28:38,538 cars.facades.db_facades INFO     add_new_car / {'cls': <class 'cars.facades.db_facades.CarFacade'>, 'user_id': 16, 'brand': 'Fiat_2', 'model': 'Panda_2', 'year': '2002', 'vin': None}
2021-02-19 14:28:38,544 cars.views   INFO     gabriel  <WSGIRequest: POST '/cars/add_car'>
2021-02-19 14:28:38,545 cars.facades.db_facades INFO     add_new_car / {'cls': <class 'cars.facades.db_facades.CarFacade'>, 'user_id': 16, 'brand': 'Fiat_3', 'model': 'Panda_3', 'year': '2003', 'vin': None}
2021-02-19 14:28:38,550 cars.views   INFO     gabriel  <WSGIRequest: POST '/cars/add_car'>
2021-02-19 14:28:38,552 cars.facades.db_facades INFO     add_new_car / {'cls': <class 'cars.facades.db_facades.CarFacade'>, 'user_id': 16, 'brand': 'Fiat_4', 'model': 'Panda_4', 'year': '2004', 'vin': None}
2021-02-19 14:28:38,564 cars.views   INFO     gabriel  <WSGIRequest: GET '/cars/edit_service/110'>
2021-02-19 14:28:38,564 cars.facades.db_facades INFO     get_service_by_id / {'cls': <class 'cars.facades.db_facades.ServiceFacade'>, 'service_id': 110}
2021-02-19 14:28:38,724 cars.views   INFO     gabriel  <WSGIRequest: POST '/cars/add_car'>
2021-02-19 14:28:38,725 cars.facades.db_facades INFO     add_new_car / {'cls': <class 'cars.facades.db_facades.CarFacade'>, 'user_id': 17, 'brand': 'Fiat_1', 'model': 'Panda_1', 'year': '2001', 'vin': None}
2021-02-19 14:28:38,730 cars.views   INFO     gabriel  <WSGIRequest: POST '/cars/add_car'>
2021-02-19 14:28:38,731 cars.facades.db_facades INFO     add_new_car / {'cls': <class 'cars.facades.db_facades.CarFacade'>, 'user_id': 17, 'brand': 'Fiat_2', 'model': 'Panda_2', 'year': '2002', 'vin': None}
2021-02-19 14:28:38,736 cars.views   INFO     gabriel  <WSGIRequest: POST '/cars/add_car'>
2021-02-19 14:28:38,737 cars.facades.db_facades INFO     add_new_car / {'cls': <class 'cars.facades.db_facades.CarFacade'>, 'user_id': 17, 'brand': 'Fiat_3', 'model': 'Panda_3', 'year': '2003', 'vin': None}
2021-02-19 14:28:38,742 cars.views   INFO     gabriel  <WSGIRequest: POST '/cars/add_car'>
2021-02-19 14:28:38,743 cars.facades.db_facades INFO     add_new_car / {'cls': <class 'cars.facades.db_facades.CarFacade'>, 'user_id': 17, 'brand': 'Fiat_4', 'model': 'Panda_4', 'year': '2004', 'vin': None}
2021-02-19 14:28:38,759 cars.views   INFO     gabriel  <WSGIRequest: POST '/cars/edit_service/118'>
2021-02-19 14:28:38,761 cars.facades.db_facades INFO     edit_service / {'cls': <class 'cars.facades.db_facades.ServiceFacade'>, 'service_id': 118, 'service_place': 'service place test', 'service_repair': 'service repair test', 'service_cost': '2000.20', 'service_date': '2222-02-22', 'car_id': '155'}
2021-02-19 14:28:38,764 cars.facades.db_facades INFO     get_car_by_id / {'cls': <class 'cars.facades.db_facades.CarFacade'>, 'car_id': '155'}
2021-02-19 14:28:38,940 cars.views   INFO     gabriel  <WSGIRequest: POST '/cars/add_car'>
2021-02-19 14:28:38,941 cars.facades.db_facades INFO     add_new_car / {'cls': <class 'cars.facades.db_facades.CarFacade'>, 'user_id': 18, 'brand': 'Fiat_1', 'model': 'Panda_1', 'year': '2001', 'vin': None}
2021-02-19 14:28:38,946 cars.views   INFO     gabriel  <WSGIRequest: POST '/cars/add_car'>
2021-02-19 14:28:38,947 cars.facades.db_facades INFO     add_new_car / {'cls': <class 'cars.facades.db_facades.CarFacade'>, 'user_id': 18, 'brand': 'Fiat_2', 'model': 'Panda_2', 'year': '2002', 'vin': None}
2021-02-19 14:28:38,952 cars.views   INFO     gabriel  <WSGIRequest: POST '/cars/add_car'>
2021-02-19 14:28:38,953 cars.facades.db_facades INFO     add_new_car / {'cls': <class 'cars.facades.db_facades.CarFacade'>, 'user_id': 18, 'brand': 'Fiat_3', 'model': 'Panda_3', 'year': '2003', 'vin': None}
2021-02-19 14:28:38,958 cars.views   INFO     gabriel  <WSGIRequest: POST '/cars/add_car'>
2021-02-19 14:28:38,959 cars.facades.db_facades INFO     add_new_car / {'cls': <class 'cars.facades.db_facades.CarFacade'>, 'user_id': 18, 'brand': 'Fiat_4', 'model': 'Panda_4', 'year': '2004', 'vin': None}
2021-02-19 14:28:38,973 cars.views   INFO     gabriel  <WSGIRequest: GET '/cars/get_car_services/159'>
2021-02-19 14:28:38,973 cars.facades.db_facades INFO     get_car_services / {'cls': <class 'cars.facades.db_facades.ServiceFacade'>, 'car_id': 159}
2021-02-19 14:28:39,191 cars.views   INFO     gabriel  <WSGIRequest: POST '/cars/add_car'>
2021-02-19 14:28:39,196 cars.facades.db_facades INFO     add_new_car / {'cls': <class 'cars.facades.db_facades.CarFacade'>, 'user_id': 19, 'brand': 'Fiat_1', 'model': 'Panda_1', 'year': '2001', 'vin': None}
2021-02-19 14:28:39,208 cars.views   INFO     gabriel  <WSGIRequest: POST '/cars/add_car'>
2021-02-19 14:28:39,211 cars.facades.db_facades INFO     add_new_car / {'cls': <class 'cars.facades.db_facades.CarFacade'>, 'user_id': 19, 'brand': 'Fiat_2', 'model': 'Panda_2', 'year': '2002', 'vin': None}
2021-02-19 14:28:39,226 cars.views   INFO     gabriel  <WSGIRequest: POST '/cars/add_car'>
2021-02-19 14:28:39,227 cars.facades.db_facades INFO     add_new_car / {'cls': <class 'cars.facades.db_facades.CarFacade'>, 'user_id': 19, 'brand': 'Fiat_3', 'model': 'Panda_3', 'year': '2003', 'vin': None}
2021-02-19 14:28:39,235 cars.views   INFO     gabriel  <WSGIRequest: POST '/cars/add_car'>
2021-02-19 14:28:39,237 cars.facades.db_facades INFO     add_new_car / {'cls': <class 'cars.facades.db_facades.CarFacade'>, 'user_id': 19, 'brand': 'Fiat_4', 'model': 'Panda_4', 'year': '2004', 'vin': None}
2021-02-19 14:28:39,260 cars.views   INFO     gabriel  <WSGIRequest: GET '/cars/move_service/134'>
2021-02-19 14:28:39,261 cars.facades.db_facades INFO     get_cars_by_user_id / {'cls': <class 'cars.facades.db_facades.CarFacade'>, 'user_id': 19}
2021-02-19 14:28:39,575 cars.views   INFO     gabriel  <WSGIRequest: POST '/cars/add_car'>
2021-02-19 14:28:39,576 cars.facades.db_facades INFO     add_new_car / {'cls': <class 'cars.facades.db_facades.CarFacade'>, 'user_id': 20, 'brand': 'Fiat_1', 'model': 'Panda_1', 'year': '2001', 'vin': None}
2021-02-19 14:28:39,586 cars.views   INFO     gabriel  <WSGIRequest: POST '/cars/add_car'>
2021-02-19 14:28:39,588 cars.facades.db_facades INFO     add_new_car / {'cls': <class 'cars.facades.db_facades.CarFacade'>, 'user_id': 20, 'brand': 'Fiat_2', 'model': 'Panda_2', 'year': '2002', 'vin': None}
2021-02-19 14:28:39,596 cars.views   INFO     gabriel  <WSGIRequest: POST '/cars/add_car'>
2021-02-19 14:28:39,600 cars.facades.db_facades INFO     add_new_car / {'cls': <class 'cars.facades.db_facades.CarFacade'>, 'user_id': 20, 'brand': 'Fiat_3', 'model': 'Panda_3', 'year': '2003', 'vin': None}
2021-02-19 14:28:39,608 cars.views   INFO     gabriel  <WSGIRequest: POST '/cars/add_car'>
2021-02-19 14:28:39,610 cars.facades.db_facades INFO     add_new_car / {'cls': <class 'cars.facades.db_facades.CarFacade'>, 'user_id': 20, 'brand': 'Fiat_4', 'model': 'Panda_4', 'year': '2004', 'vin': None}
2021-02-19 14:28:39,636 cars.views   INFO     gabriel  <WSGIRequest: POST '/cars/move_service/142'>
2021-02-19 14:28:39,637 cars.facades.db_facades INFO     edit_service / {'cls': <class 'cars.facades.db_facades.ServiceFacade'>, 'service_id': 142, 'service_place': None, 'service_repair': None, 'service_cost': None, 'service_date': None, 'car_id': '168'}
2021-02-19 14:28:39,641 cars.facades.db_facades INFO     get_car_by_id / {'cls': <class 'cars.facades.db_facades.CarFacade'>, 'car_id': '168'}
2021-02-19 14:38:07,196 django.utils.autoreload INFO     C:\Users\Gabriel\Desktop\Cars3\project7\awesome_website\cars\views_api.py changed, reloading.
2021-02-19 14:38:07,217 asyncio      DEBUG    Using selector: SelectSelector
2021-02-19 14:38:09,937 django.utils.autoreload INFO     Watching for file changes with StatReloader
2021-02-19 14:38:20,714 django.utils.autoreload INFO     C:\Users\Gabriel\Desktop\Cars3\project7\awesome_website\cars\views_api.py changed, reloading.
2021-02-19 14:38:20,731 asyncio      DEBUG    Using selector: SelectSelector
2021-02-19 14:38:25,566 django.utils.autoreload INFO     Watching for file changes with StatReloader
2021-02-19 14:40:08,176 cars.views   INFO     gabriel  <WSGIRequest: GET '/cars/get_user_cars'>
2021-02-19 14:40:08,178 cars.facades.db_facades INFO     get_cars_by_user_id / {'cls': <class 'cars.facades.db_facades.CarFacade'>, 'user_id': 1}
2021-02-19 14:40:18,113 cars.views   INFO     gabriel  <WSGIRequest: GET '/cars/get_car_services/47'>
2021-02-19 14:40:18,115 cars.facades.db_facades INFO     get_car_services / {'cls': <class 'cars.facades.db_facades.ServiceFacade'>, 'car_id': 47}
2021-02-19 14:40:56,784 django.utils.autoreload INFO     C:\Users\Gabriel\Desktop\Cars3\project7\awesome_website\cars\urls.py changed, reloading.
2021-02-19 14:40:56,787 asyncio      DEBUG    Using selector: SelectSelector
2021-02-19 14:40:59,425 django.utils.autoreload INFO     Watching for file changes with StatReloader
2021-02-19 14:43:02,365 django.utils.autoreload INFO     C:\Users\Gabriel\Desktop\Cars3\project7\awesome_website\cars\views_api.py changed, reloading.
2021-02-19 14:43:02,389 asyncio      DEBUG    Using selector: SelectSelector
2021-02-19 14:43:05,283 django.utils.autoreload INFO     Watching for file changes with StatReloader
2021-02-19 14:43:07,362 django.request ERROR    Internal Server Error: /cars/edit_service_api/
Traceback (most recent call last):
  File "C:\Users\Gabriel\.virtualenvs\project7-rCIyzweb\lib\site-packages\django\core\handlers\exception.py", line 47, in inner
    response = get_response(request)
  File "C:\Users\Gabriel\.virtualenvs\project7-rCIyzweb\lib\site-packages\django\core\handlers\base.py", line 181, in _get_response
    response = wrapped_callback(request, *callback_args, **callback_kwargs)
  File "C:\Users\Gabriel\.virtualenvs\project7-rCIyzweb\lib\site-packages\django\views\decorators\csrf.py", line 54, in wrapped_view
    return view_func(*args, **kwargs)
  File "C:\Users\Gabriel\.virtualenvs\project7-rCIyzweb\lib\site-packages\django\views\generic\base.py", line 70, in view
    return self.dispatch(request, *args, **kwargs)
  File "C:\Users\Gabriel\.virtualenvs\project7-rCIyzweb\lib\site-packages\rest_framework\views.py", line 509, in dispatch
    response = self.handle_exception(exc)
  File "C:\Users\Gabriel\.virtualenvs\project7-rCIyzweb\lib\site-packages\rest_framework\views.py", line 469, in handle_exception
    self.raise_uncaught_exception(exc)
  File "C:\Users\Gabriel\.virtualenvs\project7-rCIyzweb\lib\site-packages\rest_framework\views.py", line 480, in raise_uncaught_exception
    raise exc
  File "C:\Users\Gabriel\.virtualenvs\project7-rCIyzweb\lib\site-packages\rest_framework\views.py", line 506, in dispatch
    response = handler(request, *args, **kwargs)
  File "C:\Users\Gabriel\.virtualenvs\project7-rCIyzweb\lib\site-packages\rest_framework\decorators.py", line 50, in handler
    return func(*args, **kwargs)
TypeError: edit_service_api() missing 1 required positional argument: 'car_id'
2021-02-19 14:43:31,682 django.utils.autoreload INFO     C:\Users\Gabriel\Desktop\Cars3\project7\awesome_website\cars\views_api.py changed, reloading.
2021-02-19 14:43:31,684 asyncio      DEBUG    Using selector: SelectSelector
2021-02-19 14:43:35,342 django.utils.autoreload INFO     Watching for file changes with StatReloader
2021-02-19 14:43:38,186 cars.views_api INFO     gabriel  <rest_framework.request.Request: POST '/cars/edit_service_api/'>
2021-02-19 14:43:38,192 cars.facades.db_facades INFO     check_service_user / {'cls': <class 'cars.facades.db_facades.ServiceFacade'>, 'service_id': None, 'user_id': 1}
2021-02-19 14:43:38,203 django.request WARNING  Not Found: /cars/edit_service_api/
2021-02-19 14:44:38,999 cars.views_api INFO     gabriel  <rest_framework.request.Request: POST '/cars/edit_service_api/'>
2021-02-19 14:44:46,737 cars.facades.db_facades INFO     check_service_user / {'cls': <class 'cars.facades.db_facades.ServiceFacade'>, 'service_id': None, 'user_id': 1}
2021-02-19 14:45:04,371 django.request WARNING  Not Found: /cars/edit_service_api/
2021-02-19 14:45:30,555 django.utils.autoreload INFO     C:\Users\Gabriel\Desktop\Cars3\project7\awesome_website\cars\facades\db_facades.py changed, reloading.
2021-02-19 14:45:30,617 asyncio      DEBUG    Using selector: SelectSelector
2021-02-19 14:45:33,340 django.utils.autoreload INFO     Watching for file changes with StatReloader
2021-02-19 14:46:00,494 django.utils.autoreload INFO     C:\Users\Gabriel\Desktop\Cars3\project7\awesome_website\cars\facades\db_facades.py changed, reloading.
2021-02-19 14:46:00,499 asyncio      DEBUG    Using selector: SelectSelector
2021-02-19 14:46:02,884 django.utils.autoreload INFO     Watching for file changes with StatReloader
2021-02-19 14:46:43,668 django.utils.autoreload INFO     C:\Users\Gabriel\Desktop\Cars3\project7\awesome_website\cars\views_api.py changed, reloading.
2021-02-19 14:46:43,702 asyncio      DEBUG    Using selector: SelectSelector
2021-02-19 14:46:46,300 django.utils.autoreload INFO     Watching for file changes with StatReloader
2021-02-19 14:46:52,646 cars.views_api INFO     gabriel  <rest_framework.request.Request: POST '/cars/edit_service_api/'>
2021-02-19 14:46:57,093 django.request WARNING  Not Found: /cars/edit_service_api/
2021-02-19 14:47:25,469 django.utils.autoreload INFO     C:\Users\Gabriel\Desktop\Cars3\project7\awesome_website\cars\views_api.py changed, reloading.
2021-02-19 14:47:25,487 asyncio      DEBUG    Using selector: SelectSelector
2021-02-19 14:47:28,651 django.utils.autoreload INFO     Watching for file changes with StatReloader
2021-02-19 20:10:46,628 django.utils.autoreload INFO     Watching for file changes with StatReloader
2021-02-19 20:11:54,932 cars.views   INFO     gabriel  <WSGIRequest: GET '/cars/get_car_services/47'>
2021-02-19 20:11:54,934 cars.facades.db_facades INFO     get_car_services / {'cls': <class 'cars.facades.db_facades.ServiceFacade'>, 'car_id': 47}
2021-02-19 20:13:01,741 django.utils.autoreload INFO     C:\Users\Gabriel\Desktop\Cars3\project7\awesome_website\cars\views_api.py changed, reloading.
2021-02-19 20:13:01,745 asyncio      DEBUG    Using selector: SelectSelector
2021-02-19 20:13:05,432 django.utils.autoreload INFO     Watching for file changes with StatReloader
2021-02-19 20:13:49,012 cars.views_api INFO     gabriel  <rest_framework.request.Request: POST '/cars/edit_service_api/'>
2021-02-19 20:13:49,022 django.request WARNING  Not Found: /cars/edit_service_api/
2021-02-19 20:15:08,657 cars.views_api INFO     gabriel  <rest_framework.request.Request: POST '/cars/edit_service_api/'>
2021-02-19 20:16:22,485 django.request WARNING  Not Found: /cars/edit_service_api/
2021-02-19 20:17:30,394 cars.views   INFO     gabriel  <WSGIRequest: GET '/cars/get_user_cars'>
2021-02-19 20:17:30,396 cars.facades.db_facades INFO     get_cars_by_user_id / {'cls': <class 'cars.facades.db_facades.CarFacade'>, 'user_id': 1}
2021-02-19 20:18:11,149 cars.views_api INFO     gabriel  <rest_framework.request.Request: POST '/cars/edit_car_api/'>
2021-02-19 20:18:11,158 cars.facades.db_facades INFO     check_car_user / {'cls': <class 'cars.facades.db_facades.CarFacade'>, 'car_id': 47, 'user_id': 1}
2021-02-19 20:18:11,177 cars.facades.db_facades INFO     edit_car / {'cls': <class 'cars.facades.db_facades.CarFacade'>, 'car_id': 47, 'car_brand': None, 'car_model': None, 'car_year': 2015, 'car_vin': None}
2021-02-19 20:18:16,364 cars.views   INFO     gabriel  <WSGIRequest: GET '/cars/get_user_cars'>
2021-02-19 20:18:16,365 cars.facades.db_facades INFO     get_cars_by_user_id / {'cls': <class 'cars.facades.db_facades.CarFacade'>, 'user_id': 1}
2021-02-19 20:18:32,885 cars.views_api INFO     gabriel  <rest_framework.request.Request: POST '/cars/edit_car_api/'>
2021-02-19 20:19:02,665 cars.facades.db_facades INFO     check_car_user / {'cls': <class 'cars.facades.db_facades.CarFacade'>, 'car_id': 47, 'user_id': 1}
2021-02-19 20:19:02,672 cars.facades.db_facades INFO     edit_car / {'cls': <class 'cars.facades.db_facades.CarFacade'>, 'car_id': 47, 'car_brand': None, 'car_model': None, 'car_year': 2016, 'car_vin': None}
2021-02-19 20:19:30,980 cars.views_api INFO     gabriel  <rest_framework.request.Request: POST '/cars/edit_car_api/'>
2021-02-19 20:19:46,390 cars.facades.db_facades INFO     check_car_user / {'cls': <class 'cars.facades.db_facades.CarFacade'>, 'car_id': None, 'user_id': 1}
2021-02-19 20:19:46,401 cars.facades.db_facades WARNING  Car matching query does not exist.
2021-02-19 20:19:46,480 django.request WARNING  Bad Request: /cars/edit_car_api/
2021-02-19 20:20:03,198 cars.views_api INFO     gabriel  <rest_framework.request.Request: POST '/cars/edit_service_api/'>
2021-02-19 20:20:59,692 django.request WARNING  Not Found: /cars/edit_service_api/
2021-02-19 20:21:35,534 django.utils.autoreload INFO     C:\Users\Gabriel\Desktop\Cars3\project7\awesome_website\cars\views_api.py changed, reloading.
2021-02-19 20:21:35,549 asyncio      DEBUG    Using selector: SelectSelector
2021-02-19 20:21:38,666 django.utils.autoreload INFO     Watching for file changes with StatReloader
2021-02-19 20:21:40,515 cars.views_api INFO     gabriel  <rest_framework.request.Request: POST '/cars/edit_service_api/'>
2021-02-19 20:21:42,787 cars.facades.db_facades INFO     check_service_user / {'cls': <class 'cars.facades.db_facades.ServiceFacade'>, 'service_id': 24, 'user_id': 1}
2021-02-19 20:21:42,796 cars.facades.db_facades INFO     edit_service / {'cls': <class 'cars.facades.db_facades.ServiceFacade'>, 'service_id': 24, 'service_place': 'ew2', 'service_repair': 'ew23', 'service_cost': None, 'service_date': None, 'car_id': None}
2021-02-19 20:21:52,387 cars.views   INFO     gabriel  <WSGIRequest: GET '/cars/get_car_services/47'>
2021-02-19 20:21:52,389 cars.facades.db_facades INFO     get_car_services / {'cls': <class 'cars.facades.db_facades.ServiceFacade'>, 'car_id': 47}
2021-02-19 20:22:29,521 cars.views_api INFO     gabriel  <rest_framework.request.Request: POST '/cars/edit_service_api/'>
2021-02-19 20:22:31,549 cars.facades.db_facades INFO     check_service_user / {'cls': <class 'cars.facades.db_facades.ServiceFacade'>, 'service_id': 24, 'user_id': 1}
2021-02-19 20:22:31,561 cars.facades.db_facades INFO     edit_service / {'cls': <class 'cars.facades.db_facades.ServiceFacade'>, 'service_id': 24, 'service_place': 'ew2', 'service_repair': 'ew23', 'service_cost': None, 'service_date': '2020-09-24', 'car_id': None}
2021-02-19 20:22:37,489 cars.views   INFO     gabriel  <WSGIRequest: GET '/cars/get_car_services/47'>
2021-02-19 20:22:37,490 cars.facades.db_facades INFO     get_car_services / {'cls': <class 'cars.facades.db_facades.ServiceFacade'>, 'car_id': 47}
2021-02-19 20:23:07,985 cars.views_api INFO     gabriel  <rest_framework.request.Request: POST '/cars/edit_service_api/'>
2021-02-19 20:23:10,802 cars.facades.db_facades INFO     check_service_user / {'cls': <class 'cars.facades.db_facades.ServiceFacade'>, 'service_id': 24, 'user_id': 1}
2021-02-19 20:23:10,818 cars.facades.db_facades INFO     edit_service / {'cls': <class 'cars.facades.db_facades.ServiceFacade'>, 'service_id': 24, 'service_place': 'ew2', 'service_repair': 'ew23', 'service_cost': '1000.50', 'service_date': '2020-09-24', 'car_id': None}
2021-02-19 20:23:13,808 cars.views   INFO     gabriel  <WSGIRequest: GET '/cars/get_car_services/47'>
2021-02-19 20:23:13,809 cars.facades.db_facades INFO     get_car_services / {'cls': <class 'cars.facades.db_facades.ServiceFacade'>, 'car_id': 47}
2021-02-19 20:23:47,313 django.utils.autoreload INFO     C:\Users\Gabriel\Desktop\Cars3\project7\awesome_website\cars\views_api.py changed, reloading.
2021-02-19 20:23:47,348 asyncio      DEBUG    Using selector: SelectSelector
2021-02-19 20:23:50,576 django.utils.autoreload INFO     Watching for file changes with StatReloader
2021-02-19 20:24:20,760 cars.views   INFO     gabriel5  <WSGIRequest: GET '/cars/get_user_cars'>
2021-02-19 20:24:20,761 cars.facades.db_facades INFO     get_cars_by_user_id / {'cls': <class 'cars.facades.db_facades.CarFacade'>, 'user_id': 5}
2021-02-19 20:24:23,252 cars.views   INFO     gabriel5  <WSGIRequest: GET '/cars/get_car_services/36'>
2021-02-19 20:24:23,253 cars.facades.db_facades INFO     get_car_services / {'cls': <class 'cars.facades.db_facades.ServiceFacade'>, 'car_id': 36}
2021-02-19 20:24:39,081 cars.views_api INFO     gabriel  <rest_framework.request.Request: POST '/cars/edit_service_api/'>
2021-02-19 20:24:39,091 cars.facades.db_facades INFO     check_service_user / {'cls': <class 'cars.facades.db_facades.ServiceFacade'>, 'service_id': 10, 'user_id': 1}
2021-02-19 20:24:39,113 django.request WARNING  Not Found: /cars/edit_service_api/
2021-02-19 20:32:59,038 django.utils.autoreload INFO     C:\Users\Gabriel\Desktop\Cars3\project7\awesome_website\cars\views_api.py changed, reloading.
2021-02-19 20:32:59,041 asyncio      DEBUG    Using selector: SelectSelector
2021-02-19 20:33:02,383 django.utils.autoreload INFO     Watching for file changes with StatReloader
2021-02-19 20:33:22,090 django.utils.autoreload INFO     C:\Users\Gabriel\Desktop\Cars3\project7\awesome_website\cars\views_api.py changed, reloading.
2021-02-19 20:33:22,112 asyncio      DEBUG    Using selector: SelectSelector
2021-02-19 20:33:25,004 django.utils.autoreload INFO     Watching for file changes with StatReloader
2021-02-19 20:33:53,541 django.utils.autoreload INFO     C:\Users\Gabriel\Desktop\Cars3\project7\awesome_website\cars\views_api.py changed, reloading.
2021-02-19 20:33:53,556 asyncio      DEBUG    Using selector: SelectSelector
2021-02-19 20:33:56,067 django.utils.autoreload INFO     Watching for file changes with StatReloader
2021-02-19 20:34:15,875 django.utils.autoreload INFO     C:\Users\Gabriel\Desktop\Cars3\project7\awesome_website\cars\views_api.py changed, reloading.
2021-02-19 20:34:15,895 asyncio      DEBUG    Using selector: SelectSelector
2021-02-19 20:34:18,573 django.utils.autoreload INFO     Watching for file changes with StatReloader
2021-02-19 20:34:33,484 django.utils.autoreload INFO     C:\Users\Gabriel\Desktop\Cars3\project7\awesome_website\cars\views_api.py changed, reloading.
2021-02-19 20:34:33,499 asyncio      DEBUG    Using selector: SelectSelector
2021-02-19 20:34:36,060 django.utils.autoreload INFO     Watching for file changes with StatReloader
2021-02-19 20:34:41,255 cars.views   INFO     gabriel  <WSGIRequest: GET '/cars/get_user_cars'>
2021-02-19 20:34:41,256 cars.facades.db_facades INFO     get_cars_by_user_id / {'cls': <class 'cars.facades.db_facades.CarFacade'>, 'user_id': 1}
2021-02-19 20:34:45,292 cars.views   INFO     gabriel  <WSGIRequest: GET '/cars/get_car_services/47'>
2021-02-19 20:34:45,294 cars.facades.db_facades INFO     get_car_services / {'cls': <class 'cars.facades.db_facades.ServiceFacade'>, 'car_id': 47}
2021-02-19 20:35:35,529 django.utils.autoreload INFO     C:\Users\Gabriel\Desktop\Cars3\project7\awesome_website\cars\urls.py changed, reloading.
2021-02-19 20:35:35,534 asyncio      DEBUG    Using selector: SelectSelector
2021-02-19 20:35:38,451 django.utils.autoreload INFO     Watching for file changes with StatReloader
2021-02-19 20:36:00,537 django.request WARNING  Method Not Allowed: /cars/edit_service_api/23
2021-02-19 20:36:49,324 cars.views_api INFO     gabriel  <rest_framework.request.Request: DELETE '/cars/delete_service_api/23'>
2021-02-19 20:36:49,325 cars.facades.db_facades INFO     check_service_user / {'cls': <class 'cars.facades.db_facades.ServiceFacade'>, 'service_id': 23, 'user_id': 1}
2021-02-19 20:36:49,356 cars.facades.db_facades INFO     delete_service_by_id / {'cls': <class 'cars.facades.db_facades.ServiceFacade'>, 'service_id': 23}
2021-02-19 20:36:57,338 cars.views   INFO     gabriel  <WSGIRequest: GET '/cars/get_car_services/47'>
2021-02-19 20:36:57,339 cars.facades.db_facades INFO     get_car_services / {'cls': <class 'cars.facades.db_facades.ServiceFacade'>, 'car_id': 47}
2021-02-19 20:47:08,296 asyncio      DEBUG    Using selector: SelectSelector
2021-02-19 20:48:32,594 asyncio      DEBUG    Using selector: SelectSelector
2021-02-19 20:48:34,551 cars.views   INFO     gabriel  <WSGIRequest: POST '/cars/add_car'>
2021-02-19 20:48:34,552 cars.facades.db_facades INFO     add_new_car / {'cls': <class 'cars.facades.db_facades.CarFacade'>, 'user_id': 1, 'brand': 'Fiat_1', 'model': 'Panda_1', 'year': '2001', 'vin': None}
2021-02-19 20:48:34,558 cars.views   INFO     gabriel  <WSGIRequest: POST '/cars/add_car'>
2021-02-19 20:48:34,559 cars.facades.db_facades INFO     add_new_car / {'cls': <class 'cars.facades.db_facades.CarFacade'>, 'user_id': 1, 'brand': 'Fiat_2', 'model': 'Panda_2', 'year': '2002', 'vin': None}
2021-02-19 20:48:34,564 cars.views   INFO     gabriel  <WSGIRequest: POST '/cars/add_car'>
2021-02-19 20:48:34,565 cars.facades.db_facades INFO     add_new_car / {'cls': <class 'cars.facades.db_facades.CarFacade'>, 'user_id': 1, 'brand': 'Fiat_3', 'model': 'Panda_3', 'year': '2003', 'vin': None}
2021-02-19 20:48:34,569 cars.views   INFO     gabriel  <WSGIRequest: POST '/cars/add_car'>
2021-02-19 20:48:34,570 cars.facades.db_facades INFO     add_new_car / {'cls': <class 'cars.facades.db_facades.CarFacade'>, 'user_id': 1, 'brand': 'Fiat_4', 'model': 'Panda_4', 'year': '2004', 'vin': None}
2021-02-19 20:48:34,739 cars.views_api INFO     gabriel  <rest_framework.request.Request: POST '/cars/add_service_api'>
2021-02-19 20:48:34,740 cars.facades.db_facades INFO     check_car_user / {'cls': <class 'cars.facades.db_facades.CarFacade'>, 'car_id': 1, 'user_id': 1}
2021-02-19 20:48:34,742 cars.facades.db_facades INFO     add_new_service / {'cls': <class 'cars.facades.db_facades.ServiceFacade'>, 'car_id': 1, 'place': 'w', 'repair': 'r', 'cost': '100.50', 'date': '2021-02-10'}
2021-02-19 20:49:05,668 django.utils.autoreload INFO     C:\Users\Gabriel\Desktop\Cars3\project7\awesome_website\cars\views_api.py changed, reloading.
2021-02-19 20:49:05,875 asyncio      DEBUG    Using selector: SelectSelector
2021-02-19 20:49:09,009 django.utils.autoreload INFO     Watching for file changes with StatReloader
2021-02-19 20:49:09,212 asyncio      DEBUG    Using selector: SelectSelector
2021-02-19 20:49:11,628 cars.views   INFO     gabriel  <WSGIRequest: POST '/cars/add_car'>
2021-02-19 20:49:11,629 cars.facades.db_facades INFO     add_new_car / {'cls': <class 'cars.facades.db_facades.CarFacade'>, 'user_id': 1, 'brand': 'Fiat_1', 'model': 'Panda_1', 'year': '2001', 'vin': None}
2021-02-19 20:49:11,639 cars.views   INFO     gabriel  <WSGIRequest: POST '/cars/add_car'>
2021-02-19 20:49:11,640 cars.facades.db_facades INFO     add_new_car / {'cls': <class 'cars.facades.db_facades.CarFacade'>, 'user_id': 1, 'brand': 'Fiat_2', 'model': 'Panda_2', 'year': '2002', 'vin': None}
2021-02-19 20:49:11,649 cars.views   INFO     gabriel  <WSGIRequest: POST '/cars/add_car'>
2021-02-19 20:49:11,650 cars.facades.db_facades INFO     add_new_car / {'cls': <class 'cars.facades.db_facades.CarFacade'>, 'user_id': 1, 'brand': 'Fiat_3', 'model': 'Panda_3', 'year': '2003', 'vin': None}
2021-02-19 20:49:11,657 cars.views   INFO     gabriel  <WSGIRequest: POST '/cars/add_car'>
2021-02-19 20:49:11,658 cars.facades.db_facades INFO     add_new_car / {'cls': <class 'cars.facades.db_facades.CarFacade'>, 'user_id': 1, 'brand': 'Fiat_4', 'model': 'Panda_4', 'year': '2004', 'vin': None}
2021-02-19 20:49:12,068 cars.views_api INFO     gabriel  <rest_framework.request.Request: POST '/cars/add_service_api'>
2021-02-19 20:49:12,070 cars.facades.db_facades INFO     check_car_user / {'cls': <class 'cars.facades.db_facades.CarFacade'>, 'car_id': 1, 'user_id': 1}
2021-02-19 20:49:12,072 cars.facades.db_facades INFO     add_new_service / {'cls': <class 'cars.facades.db_facades.ServiceFacade'>, 'car_id': 1, 'place': 'w', 'repair': 'r', 'cost': '100.50', 'date': '2021-02-10'}
2021-02-19 21:01:36,730 asyncio      DEBUG    Using selector: SelectSelector
2021-02-19 21:01:38,478 cars.views   INFO     gabriel  <WSGIRequest: POST '/cars/add_car'>
2021-02-19 21:01:38,479 cars.facades.db_facades INFO     add_new_car / {'cls': <class 'cars.facades.db_facades.CarFacade'>, 'user_id': 1, 'brand': 'Fiat_1', 'model': 'Panda_1', 'year': '2001', 'vin': None}
2021-02-19 21:01:38,484 cars.views   INFO     gabriel  <WSGIRequest: POST '/cars/add_car'>
2021-02-19 21:01:38,485 cars.facades.db_facades INFO     add_new_car / {'cls': <class 'cars.facades.db_facades.CarFacade'>, 'user_id': 1, 'brand': 'Fiat_2', 'model': 'Panda_2', 'year': '2002', 'vin': None}
2021-02-19 21:01:38,490 cars.views   INFO     gabriel  <WSGIRequest: POST '/cars/add_car'>
2021-02-19 21:01:38,491 cars.facades.db_facades INFO     add_new_car / {'cls': <class 'cars.facades.db_facades.CarFacade'>, 'user_id': 1, 'brand': 'Fiat_3', 'model': 'Panda_3', 'year': '2003', 'vin': None}
2021-02-19 21:01:38,495 cars.views   INFO     gabriel  <WSGIRequest: POST '/cars/add_car'>
2021-02-19 21:01:38,496 cars.facades.db_facades INFO     add_new_car / {'cls': <class 'cars.facades.db_facades.CarFacade'>, 'user_id': 1, 'brand': 'Fiat_4', 'model': 'Panda_4', 'year': '2004', 'vin': None}
2021-02-19 21:01:38,663 cars.views_api INFO     gabriel  <rest_framework.request.Request: POST '/cars/add_service_api'>
2021-02-19 21:01:38,664 cars.facades.db_facades INFO     check_car_user / {'cls': <class 'cars.facades.db_facades.CarFacade'>, 'car_id': 1, 'user_id': 1}
2021-02-19 21:01:38,666 cars.facades.db_facades INFO     add_new_service / {'cls': <class 'cars.facades.db_facades.ServiceFacade'>, 'car_id': 1, 'place': 'w', 'repair': 'r', 'cost': '100.50', 'date': '2021-02-10'}
2021-02-19 21:01:56,179 asyncio      DEBUG    Using selector: SelectSelector
2021-02-19 21:01:58,269 cars.views   INFO     gabriel  <WSGIRequest: POST '/cars/add_car'>
2021-02-19 21:01:58,270 cars.facades.db_facades INFO     add_new_car / {'cls': <class 'cars.facades.db_facades.CarFacade'>, 'user_id': 1, 'brand': 'Fiat_1', 'model': 'Panda_1', 'year': '2001', 'vin': None}
2021-02-19 21:01:58,278 cars.views   INFO     gabriel  <WSGIRequest: POST '/cars/add_car'>
2021-02-19 21:01:58,278 cars.facades.db_facades INFO     add_new_car / {'cls': <class 'cars.facades.db_facades.CarFacade'>, 'user_id': 1, 'brand': 'Fiat_2', 'model': 'Panda_2', 'year': '2002', 'vin': None}
2021-02-19 21:01:58,283 cars.views   INFO     gabriel  <WSGIRequest: POST '/cars/add_car'>
2021-02-19 21:01:58,284 cars.facades.db_facades INFO     add_new_car / {'cls': <class 'cars.facades.db_facades.CarFacade'>, 'user_id': 1, 'brand': 'Fiat_3', 'model': 'Panda_3', 'year': '2003', 'vin': None}
2021-02-19 21:01:58,290 cars.views   INFO     gabriel  <WSGIRequest: POST '/cars/add_car'>
2021-02-19 21:01:58,291 cars.facades.db_facades INFO     add_new_car / {'cls': <class 'cars.facades.db_facades.CarFacade'>, 'user_id': 1, 'brand': 'Fiat_4', 'model': 'Panda_4', 'year': '2004', 'vin': None}
2021-02-19 21:01:58,555 cars.views_api INFO     gabriel  <rest_framework.request.Request: POST '/cars/add_service_api'>
2021-02-19 21:01:58,557 cars.facades.db_facades INFO     check_car_user / {'cls': <class 'cars.facades.db_facades.CarFacade'>, 'car_id': 1, 'user_id': 1}
2021-02-19 21:01:58,559 cars.facades.db_facades INFO     add_new_service / {'cls': <class 'cars.facades.db_facades.ServiceFacade'>, 'car_id': 1, 'place': 'w', 'repair': 'r', 'cost': '100.50', 'date': '2021-02-10'}
2021-02-19 21:05:23,400 asyncio      DEBUG    Using selector: SelectSelector
2021-02-19 21:05:25,085 cars.views   INFO     gabriel  <WSGIRequest: POST '/cars/add_car'>
2021-02-19 21:05:25,087 cars.facades.db_facades INFO     add_new_car / {'cls': <class 'cars.facades.db_facades.CarFacade'>, 'user_id': 1, 'brand': 'Fiat_1', 'model': 'Panda_1', 'year': '2001', 'vin': None}
2021-02-19 21:05:25,092 cars.views   INFO     gabriel  <WSGIRequest: POST '/cars/add_car'>
2021-02-19 21:05:25,093 cars.facades.db_facades INFO     add_new_car / {'cls': <class 'cars.facades.db_facades.CarFacade'>, 'user_id': 1, 'brand': 'Fiat_2', 'model': 'Panda_2', 'year': '2002', 'vin': None}
2021-02-19 21:05:25,098 cars.views   INFO     gabriel  <WSGIRequest: POST '/cars/add_car'>
2021-02-19 21:05:25,100 cars.facades.db_facades INFO     add_new_car / {'cls': <class 'cars.facades.db_facades.CarFacade'>, 'user_id': 1, 'brand': 'Fiat_3', 'model': 'Panda_3', 'year': '2003', 'vin': None}
2021-02-19 21:05:25,105 cars.views   INFO     gabriel  <WSGIRequest: POST '/cars/add_car'>
2021-02-19 21:05:25,106 cars.facades.db_facades INFO     add_new_car / {'cls': <class 'cars.facades.db_facades.CarFacade'>, 'user_id': 1, 'brand': 'Fiat_4', 'model': 'Panda_4', 'year': '2004', 'vin': None}
2021-02-19 21:05:25,350 cars.views_api INFO     gabriel  <rest_framework.request.Request: POST '/cars/add_service_api'>
2021-02-19 21:05:25,352 cars.facades.db_facades INFO     check_car_user / {'cls': <class 'cars.facades.db_facades.CarFacade'>, 'car_id': 9, 'user_id': 1}
2021-02-19 21:05:25,354 cars.facades.db_facades WARNING  Car matching query does not exist.
2021-02-19 21:05:25,355 django.request WARNING  Not Found: /cars/add_service_api
2021-02-19 21:05:55,517 django.utils.autoreload INFO     C:\Users\Gabriel\Desktop\Cars3\project7\awesome_website\cars\views_api.py changed, reloading.
2021-02-19 21:05:55,521 asyncio      DEBUG    Using selector: SelectSelector
2021-02-19 21:05:58,203 django.utils.autoreload INFO     Watching for file changes with StatReloader
2021-02-19 21:06:03,530 asyncio      DEBUG    Using selector: SelectSelector
2021-02-19 21:06:05,352 cars.views   INFO     gabriel  <WSGIRequest: POST '/cars/add_car'>
2021-02-19 21:06:05,353 cars.facades.db_facades INFO     add_new_car / {'cls': <class 'cars.facades.db_facades.CarFacade'>, 'user_id': 1, 'brand': 'Fiat_1', 'model': 'Panda_1', 'year': '2001', 'vin': None}
2021-02-19 21:06:05,362 cars.views   INFO     gabriel  <WSGIRequest: POST '/cars/add_car'>
2021-02-19 21:06:05,363 cars.facades.db_facades INFO     add_new_car / {'cls': <class 'cars.facades.db_facades.CarFacade'>, 'user_id': 1, 'brand': 'Fiat_2', 'model': 'Panda_2', 'year': '2002', 'vin': None}
2021-02-19 21:06:05,371 cars.views   INFO     gabriel  <WSGIRequest: POST '/cars/add_car'>
2021-02-19 21:06:05,372 cars.facades.db_facades INFO     add_new_car / {'cls': <class 'cars.facades.db_facades.CarFacade'>, 'user_id': 1, 'brand': 'Fiat_3', 'model': 'Panda_3', 'year': '2003', 'vin': None}
2021-02-19 21:06:05,381 cars.views   INFO     gabriel  <WSGIRequest: POST '/cars/add_car'>
2021-02-19 21:06:05,382 cars.facades.db_facades INFO     add_new_car / {'cls': <class 'cars.facades.db_facades.CarFacade'>, 'user_id': 1, 'brand': 'Fiat_4', 'model': 'Panda_4', 'year': '2004', 'vin': None}
2021-02-19 21:06:05,738 cars.views_api INFO     gabriel  <rest_framework.request.Request: POST '/cars/add_service_api'>
2021-02-19 21:06:05,739 cars.facades.db_facades INFO     check_car_user / {'cls': <class 'cars.facades.db_facades.CarFacade'>, 'car_id': 9, 'user_id': 1}
2021-02-19 21:06:05,741 cars.facades.db_facades WARNING  Car matching query does not exist.
2021-02-19 21:06:05,742 django.request WARNING  Not Found: /cars/add_service_api
2021-02-19 21:06:16,641 django.utils.autoreload INFO     C:\Users\Gabriel\Desktop\Cars3\project7\awesome_website\cars\views_api.py changed, reloading.
2021-02-19 21:06:16,645 asyncio      DEBUG    Using selector: SelectSelector
2021-02-19 21:06:20,120 django.utils.autoreload INFO     Watching for file changes with StatReloader
2021-02-19 21:06:26,993 asyncio      DEBUG    Using selector: SelectSelector
2021-02-19 21:06:30,005 cars.views   INFO     gabriel  <WSGIRequest: POST '/cars/add_car'>
2021-02-19 21:06:30,006 cars.facades.db_facades INFO     add_new_car / {'cls': <class 'cars.facades.db_facades.CarFacade'>, 'user_id': 1, 'brand': 'Fiat_1', 'model': 'Panda_1', 'year': '2001', 'vin': None}
2021-02-19 21:06:30,016 cars.views   INFO     gabriel  <WSGIRequest: POST '/cars/add_car'>
2021-02-19 21:06:30,018 cars.facades.db_facades INFO     add_new_car / {'cls': <class 'cars.facades.db_facades.CarFacade'>, 'user_id': 1, 'brand': 'Fiat_2', 'model': 'Panda_2', 'year': '2002', 'vin': None}
2021-02-19 21:06:30,025 cars.views   INFO     gabriel  <WSGIRequest: POST '/cars/add_car'>
2021-02-19 21:06:30,026 cars.facades.db_facades INFO     add_new_car / {'cls': <class 'cars.facades.db_facades.CarFacade'>, 'user_id': 1, 'brand': 'Fiat_3', 'model': 'Panda_3', 'year': '2003', 'vin': None}
2021-02-19 21:06:30,035 cars.views   INFO     gabriel  <WSGIRequest: POST '/cars/add_car'>
2021-02-19 21:06:30,036 cars.facades.db_facades INFO     add_new_car / {'cls': <class 'cars.facades.db_facades.CarFacade'>, 'user_id': 1, 'brand': 'Fiat_4', 'model': 'Panda_4', 'year': '2004', 'vin': None}
2021-02-19 21:06:30,528 cars.views_api INFO     gabriel  <rest_framework.request.Request: POST '/cars/add_service_api'>
2021-02-19 21:06:30,529 cars.facades.db_facades INFO     check_car_user / {'cls': <class 'cars.facades.db_facades.CarFacade'>, 'car_id': 9, 'user_id': 1}
2021-02-19 21:06:30,531 cars.facades.db_facades WARNING  Car matching query does not exist.
2021-02-19 21:06:30,532 django.request WARNING  Not Found: /cars/add_service_api
2021-02-19 21:11:04,787 asyncio      DEBUG    Using selector: SelectSelector
2021-02-19 21:11:07,026 cars.views   INFO     gabriel  <WSGIRequest: POST '/cars/add_car'>
2021-02-19 21:11:07,028 cars.facades.db_facades INFO     add_new_car / {'cls': <class 'cars.facades.db_facades.CarFacade'>, 'user_id': 1, 'brand': 'Fiat_1', 'model': 'Panda_1', 'year': '2001', 'vin': None}
2021-02-19 21:11:07,034 cars.views   INFO     gabriel  <WSGIRequest: POST '/cars/add_car'>
2021-02-19 21:11:07,035 cars.facades.db_facades INFO     add_new_car / {'cls': <class 'cars.facades.db_facades.CarFacade'>, 'user_id': 1, 'brand': 'Fiat_2', 'model': 'Panda_2', 'year': '2002', 'vin': None}
2021-02-19 21:11:07,040 cars.views   INFO     gabriel  <WSGIRequest: POST '/cars/add_car'>
2021-02-19 21:11:07,041 cars.facades.db_facades INFO     add_new_car / {'cls': <class 'cars.facades.db_facades.CarFacade'>, 'user_id': 1, 'brand': 'Fiat_3', 'model': 'Panda_3', 'year': '2003', 'vin': None}
2021-02-19 21:11:07,046 cars.views   INFO     gabriel  <WSGIRequest: POST '/cars/add_car'>
2021-02-19 21:11:07,047 cars.facades.db_facades INFO     add_new_car / {'cls': <class 'cars.facades.db_facades.CarFacade'>, 'user_id': 1, 'brand': 'Fiat_4', 'model': 'Panda_4', 'year': '2004', 'vin': None}
2021-02-19 21:11:07,237 django.request WARNING  Not Found: /cars/get_car_services_api1
2021-02-19 21:11:34,717 asyncio      DEBUG    Using selector: SelectSelector
2021-02-19 21:11:37,478 cars.views   INFO     gabriel  <WSGIRequest: POST '/cars/add_car'>
2021-02-19 21:11:37,480 cars.facades.db_facades INFO     add_new_car / {'cls': <class 'cars.facades.db_facades.CarFacade'>, 'user_id': 1, 'brand': 'Fiat_1', 'model': 'Panda_1', 'year': '2001', 'vin': None}
2021-02-19 21:11:37,488 cars.views   INFO     gabriel  <WSGIRequest: POST '/cars/add_car'>
2021-02-19 21:11:37,489 cars.facades.db_facades INFO     add_new_car / {'cls': <class 'cars.facades.db_facades.CarFacade'>, 'user_id': 1, 'brand': 'Fiat_2', 'model': 'Panda_2', 'year': '2002', 'vin': None}
2021-02-19 21:11:37,498 cars.views   INFO     gabriel  <WSGIRequest: POST '/cars/add_car'>
2021-02-19 21:11:37,501 cars.facades.db_facades INFO     add_new_car / {'cls': <class 'cars.facades.db_facades.CarFacade'>, 'user_id': 1, 'brand': 'Fiat_3', 'model': 'Panda_3', 'year': '2003', 'vin': None}
2021-02-19 21:11:37,508 cars.views   INFO     gabriel  <WSGIRequest: POST '/cars/add_car'>
2021-02-19 21:11:37,509 cars.facades.db_facades INFO     add_new_car / {'cls': <class 'cars.facades.db_facades.CarFacade'>, 'user_id': 1, 'brand': 'Fiat_4', 'model': 'Panda_4', 'year': '2004', 'vin': None}
2021-02-19 21:11:37,871 django.request WARNING  Not Found: /cars/get_car_services_api1
2021-02-19 21:12:33,868 asyncio      DEBUG    Using selector: SelectSelector
2021-02-19 21:12:36,822 cars.views   INFO     gabriel  <WSGIRequest: POST '/cars/add_car'>
2021-02-19 21:12:36,823 cars.facades.db_facades INFO     add_new_car / {'cls': <class 'cars.facades.db_facades.CarFacade'>, 'user_id': 1, 'brand': 'Fiat_1', 'model': 'Panda_1', 'year': '2001', 'vin': None}
2021-02-19 21:12:36,830 cars.views   INFO     gabriel  <WSGIRequest: POST '/cars/add_car'>
2021-02-19 21:12:36,831 cars.facades.db_facades INFO     add_new_car / {'cls': <class 'cars.facades.db_facades.CarFacade'>, 'user_id': 1, 'brand': 'Fiat_2', 'model': 'Panda_2', 'year': '2002', 'vin': None}
2021-02-19 21:12:36,839 cars.views   INFO     gabriel  <WSGIRequest: POST '/cars/add_car'>
2021-02-19 21:12:36,840 cars.facades.db_facades INFO     add_new_car / {'cls': <class 'cars.facades.db_facades.CarFacade'>, 'user_id': 1, 'brand': 'Fiat_3', 'model': 'Panda_3', 'year': '2003', 'vin': None}
2021-02-19 21:12:36,848 cars.views   INFO     gabriel  <WSGIRequest: POST '/cars/add_car'>
2021-02-19 21:12:36,851 cars.facades.db_facades INFO     add_new_car / {'cls': <class 'cars.facades.db_facades.CarFacade'>, 'user_id': 1, 'brand': 'Fiat_4', 'model': 'Panda_4', 'year': '2004', 'vin': None}
2021-02-19 21:12:37,122 cars.views_api INFO     gabriel  <rest_framework.request.Request: GET '/cars/get_car_services_api/1'>
2021-02-19 21:12:37,122 cars.facades.db_facades INFO     check_car_user / {'cls': <class 'cars.facades.db_facades.CarFacade'>, 'car_id': 1, 'user_id': 1}
2021-02-19 21:12:37,124 cars.facades.db_facades INFO     get_car_services / {'cls': <class 'cars.facades.db_facades.ServiceFacade'>, 'car_id': 1}
2021-02-19 21:13:12,273 asyncio      DEBUG    Using selector: SelectSelector
2021-02-19 21:13:14,120 cars.views   INFO     gabriel  <WSGIRequest: POST '/cars/add_car'>
2021-02-19 21:13:14,122 cars.facades.db_facades INFO     add_new_car / {'cls': <class 'cars.facades.db_facades.CarFacade'>, 'user_id': 1, 'brand': 'Fiat_1', 'model': 'Panda_1', 'year': '2001', 'vin': None}
2021-02-19 21:13:14,131 cars.views   INFO     gabriel  <WSGIRequest: POST '/cars/add_car'>
2021-02-19 21:13:14,132 cars.facades.db_facades INFO     add_new_car / {'cls': <class 'cars.facades.db_facades.CarFacade'>, 'user_id': 1, 'brand': 'Fiat_2', 'model': 'Panda_2', 'year': '2002', 'vin': None}
2021-02-19 21:13:14,138 cars.views   INFO     gabriel  <WSGIRequest: POST '/cars/add_car'>
2021-02-19 21:13:14,139 cars.facades.db_facades INFO     add_new_car / {'cls': <class 'cars.facades.db_facades.CarFacade'>, 'user_id': 1, 'brand': 'Fiat_3', 'model': 'Panda_3', 'year': '2003', 'vin': None}
2021-02-19 21:13:14,146 cars.views   INFO     gabriel  <WSGIRequest: POST '/cars/add_car'>
2021-02-19 21:13:14,147 cars.facades.db_facades INFO     add_new_car / {'cls': <class 'cars.facades.db_facades.CarFacade'>, 'user_id': 1, 'brand': 'Fiat_4', 'model': 'Panda_4', 'year': '2004', 'vin': None}
2021-02-19 21:13:14,420 cars.views_api INFO     gabriel  <rest_framework.request.Request: GET '/cars/get_car_services_api/1'>
2021-02-19 21:13:14,421 cars.facades.db_facades INFO     check_car_user / {'cls': <class 'cars.facades.db_facades.CarFacade'>, 'car_id': 1, 'user_id': 1}
2021-02-19 21:13:14,424 cars.facades.db_facades INFO     get_car_services / {'cls': <class 'cars.facades.db_facades.ServiceFacade'>, 'car_id': 1}
2021-02-19 21:17:17,122 asyncio      DEBUG    Using selector: SelectSelector
2021-02-19 21:17:19,230 cars.views   INFO     gabriel  <WSGIRequest: POST '/cars/add_car'>
2021-02-19 21:17:19,231 cars.facades.db_facades INFO     add_new_car / {'cls': <class 'cars.facades.db_facades.CarFacade'>, 'user_id': 1, 'brand': 'Fiat_1', 'model': 'Panda_1', 'year': '2001', 'vin': None}
2021-02-19 21:17:19,239 cars.views   INFO     gabriel  <WSGIRequest: POST '/cars/add_car'>
2021-02-19 21:17:19,240 cars.facades.db_facades INFO     add_new_car / {'cls': <class 'cars.facades.db_facades.CarFacade'>, 'user_id': 1, 'brand': 'Fiat_2', 'model': 'Panda_2', 'year': '2002', 'vin': None}
2021-02-19 21:17:19,248 cars.views   INFO     gabriel  <WSGIRequest: POST '/cars/add_car'>
2021-02-19 21:17:19,249 cars.facades.db_facades INFO     add_new_car / {'cls': <class 'cars.facades.db_facades.CarFacade'>, 'user_id': 1, 'brand': 'Fiat_3', 'model': 'Panda_3', 'year': '2003', 'vin': None}
2021-02-19 21:17:19,257 cars.views   INFO     gabriel  <WSGIRequest: POST '/cars/add_car'>
2021-02-19 21:17:19,259 cars.facades.db_facades INFO     add_new_car / {'cls': <class 'cars.facades.db_facades.CarFacade'>, 'user_id': 1, 'brand': 'Fiat_4', 'model': 'Panda_4', 'year': '2004', 'vin': None}
2021-02-19 21:17:19,495 cars.views_api INFO     gabriel  <rest_framework.request.Request: GET '/cars/get_car_services_api/1'>
2021-02-19 21:17:19,495 cars.facades.db_facades INFO     check_car_user / {'cls': <class 'cars.facades.db_facades.CarFacade'>, 'car_id': 1, 'user_id': 1}
2021-02-19 21:17:19,498 cars.facades.db_facades INFO     get_car_services / {'cls': <class 'cars.facades.db_facades.ServiceFacade'>, 'car_id': 1}
2021-02-19 21:17:43,585 asyncio      DEBUG    Using selector: SelectSelector
2021-02-19 21:17:45,419 cars.views   INFO     gabriel  <WSGIRequest: POST '/cars/add_car'>
2021-02-19 21:17:45,420 cars.facades.db_facades INFO     add_new_car / {'cls': <class 'cars.facades.db_facades.CarFacade'>, 'user_id': 1, 'brand': 'Fiat_1', 'model': 'Panda_1', 'year': '2001', 'vin': None}
2021-02-19 21:17:45,426 cars.views   INFO     gabriel  <WSGIRequest: POST '/cars/add_car'>
2021-02-19 21:17:45,427 cars.facades.db_facades INFO     add_new_car / {'cls': <class 'cars.facades.db_facades.CarFacade'>, 'user_id': 1, 'brand': 'Fiat_2', 'model': 'Panda_2', 'year': '2002', 'vin': None}
2021-02-19 21:17:45,433 cars.views   INFO     gabriel  <WSGIRequest: POST '/cars/add_car'>
2021-02-19 21:17:45,434 cars.facades.db_facades INFO     add_new_car / {'cls': <class 'cars.facades.db_facades.CarFacade'>, 'user_id': 1, 'brand': 'Fiat_3', 'model': 'Panda_3', 'year': '2003', 'vin': None}
2021-02-19 21:17:45,439 cars.views   INFO     gabriel  <WSGIRequest: POST '/cars/add_car'>
2021-02-19 21:17:45,441 cars.facades.db_facades INFO     add_new_car / {'cls': <class 'cars.facades.db_facades.CarFacade'>, 'user_id': 1, 'brand': 'Fiat_4', 'model': 'Panda_4', 'year': '2004', 'vin': None}
2021-02-19 21:17:45,640 cars.views_api INFO     gabriel  <rest_framework.request.Request: GET '/cars/get_car_services_api/1'>
2021-02-19 21:17:45,640 cars.facades.db_facades INFO     check_car_user / {'cls': <class 'cars.facades.db_facades.CarFacade'>, 'car_id': 1, 'user_id': 1}
2021-02-19 21:17:45,642 cars.facades.db_facades INFO     get_car_services / {'cls': <class 'cars.facades.db_facades.ServiceFacade'>, 'car_id': 1}
